<?xml version="1.0" encoding="UTF-8"?>
<!-- Generated by org.testng.reporters.JUnitReportReporter -->
<testsuite hostname="DESKTOP-7AF760B" failures="0" tests="1" name="com.build.base.BasePageSetUpTest" time="4.966" errors="0" timestamp="2021-03-14T06:20:04 EDT" skipped="0">
  <testcase classname="com.build.base.BasePageSetUpTest" name="base" time="4.966"/>
  <system-out/>
</testsuite> <!-- com.build.base.BasePageSetUpTest -->
